<?xml version="1.0" encoding="UTF-8"?>
<robot generator="Robot 3.1.2 (Python 3.7.3 on win32)" generated="20191118 23:38:24.918" rpa="false">
<suite id="s1" name="Test4" source="C:\Users\semau\Documents\Python QA Engineer\otus-qa\Lesson29\test4.robot">
<test id="s1-t1" name="Test title">
<kw name="Open Google" library="opencart_keywords">
<status status="PASS" starttime="20191118 23:38:25.583" endtime="20191118 23:38:35.346"></status>
</kw>
<kw name="Close Browser" library="Selenium2Library">
<doc>Closes the current browser.</doc>
<status status="PASS" starttime="20191118 23:38:35.346" endtime="20191118 23:38:35.347"></status>
</kw>
<tags>
<tag>Google</tag>
<tag>PythonQA</tag>
<tag>Отус</tag>
<tag>Тест</tag>
</tags>
<status status="PASS" starttime="20191118 23:38:25.582" endtime="20191118 23:38:35.348" critical="yes"></status>
</test>
<doc>Suite description</doc>
<status status="PASS" starttime="20191118 23:38:24.922" endtime="20191118 23:38:35.349"></status>
</suite>
<statistics>
<total>
<stat pass="1" fail="0">Critical Tests</stat>
<stat pass="1" fail="0">All Tests</stat>
</total>
<tag>
<stat pass="1" fail="0">Google</stat>
<stat pass="1" fail="0">PythonQA</stat>
<stat pass="1" fail="0">Отус</stat>
<stat pass="1" fail="0">Тест</stat>
</tag>
<suite>
<stat pass="1" fail="0" id="s1" name="Test4">Test4</stat>
</suite>
</statistics>
<errors>
</errors>
</robot>
